<?xml version="1.0" encoding="UTF-8"?>
<!-- Generated by org.testng.reporters.JUnitReportReporter -->
<testsuite hostname="DESKTOP-G7VIM54" failures="0" tests="1" name="com.TestCases.TC_1FbLoginFunction" time="47.399" errors="0" timestamp="17 Oct 2021 11:00:48 GMT" skipped="0">
  <testcase classname="com.TestCases.TC_1FbLoginFunction" name="tc_1" time="47.399"/>
</testsuite> <!-- com.TestCases.TC_1FbLoginFunction -->
