<?xml version="1.0" encoding="UTF-8"?>
<!-- Generated by org.testng.reporters.JUnitReportReporter -->
<testsuite hostname="DESKTOP-G7VIM54" failures="0" tests="1" name="com.TestCases.TC_1FbLoginFunction" time="44.004" errors="0" timestamp="17 Oct 2021 16:58:40 GMT" skipped="0">
  <testcase classname="com.TestCases.TC_1FbLoginFunction" name="tc_1" time="44.004"/>
</testsuite> <!-- com.TestCases.TC_1FbLoginFunction -->
